SB Weather/sb weather/build/intermediates/manifest_merge_blame_file/debug/manifest-merger-blame-debug-report.txt
1<?xml version="1.0" encoding="utf-8"?>
2<manifest xmlns:android="http://schemas.android.com/apk/res/android"
3    package="weather.app.simpleweather"
4    android:versionCode="1"
5    android:versionName="1.0" >
6
7    <uses-sdk
8        android:minSdkVersion="23"
8-->src\main\AndroidManifest.xml
9        android:targetSdkVersion="30" />
9-->src\main\AndroidManifest.xml
10
11    <uses-permission android:name="android.permission.WRITE_SETTINGS" />
11-->src\main\AndroidManifest.xml:6:5-8:47
11-->src\main\AndroidManifest.xml:7:9-57
12    <uses-permission android:name="android.permission.INTERNET" />
12-->src\main\AndroidManifest.xml:9:5-83
12-->src\main\AndroidManifest.xml:9:22-64
13
14    <application
14-->src\main\AndroidManifest.xml:11:5-43:19
15        android:allowBackup="true"
15-->src\main\AndroidManifest.xml:12:9-35
16        android:appComponentFactory="androidx.core.app.CoreComponentFactory"
16-->[androidx.core:core:1.3.1] AndroidManifest.xml:24:18-86
17        android:debuggable="true"
18        android:extractNativeLibs="false"
19        android:icon="@mipmap/ic_launcher"
19-->src\main\AndroidManifest.xml:13:9-43
20        android:label="@string/app_name"
20-->src\main\AndroidManifest.xml:14:9-41
21        android:roundIcon="@mipmap/ic_launcher_round"
21-->src\main\AndroidManifest.xml:15:9-54
22        android:supportsRtl="true"
22-->src\main\AndroidManifest.xml:16:9-35
23        android:testOnly="true"
24        android:theme="@style/AppTheme" >
24-->src\main\AndroidManifest.xml:17:9-40
25        <activity
25-->src\main\AndroidManifest.xml:18:9-20:50
26            android:name="weather.app.simpleweather.SettingsActivity"
26-->src\main\AndroidManifest.xml:19:13-45
27            android:label="@string/SettingBar" />
27-->src\main\AndroidManifest.xml:20:13-47
28        <activity
28-->src\main\AndroidManifest.xml:21:9-29:20
29            android:name="weather.app.simpleweather.LogoScreenActivity"
29-->src\main\AndroidManifest.xml:22:13-47
30            android:theme="@style/AppThemeRemove" >
30-->src\main\AndroidManifest.xml:23:13-50
31            <intent-filter>
31-->src\main\AndroidManifest.xml:24:13-28:29
32                <action android:name="android.intent.action.MAIN" />
32-->src\main\AndroidManifest.xml:25:17-69
32-->src\main\AndroidManifest.xml:25:25-66
33
34                <category android:name="android.intent.category.LAUNCHER" />
34-->src\main\AndroidManifest.xml:27:17-77
34-->src\main\AndroidManifest.xml:27:27-74
35            </intent-filter>
36        </activity>
37        <activity
37-->src\main\AndroidManifest.xml:30:9-32:53
38            android:name="weather.app.simpleweather.MainActivity"
38-->src\main\AndroidManifest.xml:31:13-41
39            android:theme="@style/AppThemeRemove" />
39-->src\main\AndroidManifest.xml:32:13-50
40        <activity android:name="weather.app.simpleweather.HomeActivity" />
40-->src\main\AndroidManifest.xml:33:9-50
40-->src\main\AndroidManifest.xml:33:19-47
41        <activity
41-->src\main\AndroidManifest.xml:34:9-36:53
42            android:name="weather.app.simpleweather.PasswordActivity"
42-->src\main\AndroidManifest.xml:35:13-45
43            android:theme="@style/AppThemeRemove" />
43-->src\main\AndroidManifest.xml:36:13-50
44        <activity
44-->src\main\AndroidManifest.xml:37:9-39:53
45            android:name="weather.app.simpleweather.RegisterActivity"
45-->src\main\AndroidManifest.xml:38:13-45
46            android:theme="@style/AppThemeRemove" />
46-->src\main\AndroidManifest.xml:39:13-50
47        <activity android:name="weather.app.simpleweather.AboutActivity" />
47-->src\main\AndroidManifest.xml:40:9-51
47-->src\main\AndroidManifest.xml:40:19-48
48        <activity android:name="weather.app.simpleweather.ContactUsActivity" />
48-->src\main\AndroidManifest.xml:41:9-55
48-->src\main\AndroidManifest.xml:41:19-52
49        <activity android:name="weather.app.simpleweather.Fragments.BottomNavigation" />
49-->src\main\AndroidManifest.xml:42:9-64
49-->src\main\AndroidManifest.xml:42:19-61
50        <activity
50-->[com.google.firebase:firebase-auth:19.4.0] AndroidManifest.xml:24:9-31:50
51            android:name="com.google.firebase.auth.internal.FederatedSignInActivity"
51-->[com.google.firebase:firebase-auth:19.4.0] AndroidManifest.xml:25:13-85
52            android:excludeFromRecents="true"
52-->[com.google.firebase:firebase-auth:19.4.0] AndroidManifest.xml:26:13-46
53            android:exported="true"
53-->[com.google.firebase:firebase-auth:19.4.0] AndroidManifest.xml:27:13-36
54            android:launchMode="singleTask"
54-->[com.google.firebase:firebase-auth:19.4.0] AndroidManifest.xml:28:13-44
55            android:permission="com.google.firebase.auth.api.gms.permission.LAUNCH_FEDERATED_SIGN_IN"
55-->[com.google.firebase:firebase-auth:19.4.0] AndroidManifest.xml:29:13-102
56            android:theme="@android:style/Theme.Translucent.NoTitleBar" />
56-->[com.google.firebase:firebase-auth:19.4.0] AndroidManifest.xml:30:13-72
57
58        <service
58-->[com.google.firebase:firebase-auth:19.4.0] AndroidManifest.xml:33:9-39:19
59            android:name="com.google.firebase.components.ComponentDiscoveryService"
59-->[com.google.firebase:firebase-auth:19.4.0] AndroidManifest.xml:34:13-84
60            android:directBootAware="true"
60-->[com.google.firebase:firebase-common:19.3.0] AndroidManifest.xml:34:13-43
61            android:exported="false" >
61-->[com.google.firebase:firebase-auth:19.4.0] AndroidManifest.xml:35:13-37
62            <meta-data
62-->[com.google.firebase:firebase-auth:19.4.0] AndroidManifest.xml:36:13-38:85
63                android:name="com.google.firebase.components:com.google.firebase.auth.FirebaseAuthRegistrar"
63-->[com.google.firebase:firebase-auth:19.4.0] AndroidManifest.xml:37:17-109
64                android:value="com.google.firebase.components.ComponentRegistrar" />
64-->[com.google.firebase:firebase-auth:19.4.0] AndroidManifest.xml:38:17-82
65        </service>
66
67        <activity
67-->[com.google.android.gms:play-services-base:17.1.0] AndroidManifest.xml:23:9-26:75
68            android:name="com.google.android.gms.common.api.GoogleApiActivity"
68-->[com.google.android.gms:play-services-base:17.1.0] AndroidManifest.xml:24:13-79
69            android:exported="false"
69-->[com.google.android.gms:play-services-base:17.1.0] AndroidManifest.xml:25:13-37
70            android:theme="@android:style/Theme.Translucent.NoTitleBar" />
70-->[com.google.android.gms:play-services-base:17.1.0] AndroidManifest.xml:26:13-72
71
72        <provider
72-->[com.google.firebase:firebase-common:19.3.0] AndroidManifest.xml:26:9-30:39
73            android:name="com.google.firebase.provider.FirebaseInitProvider"
73-->[com.google.firebase:firebase-common:19.3.0] AndroidManifest.xml:27:13-77
74            android:authorities="weather.app.simpleweather.firebaseinitprovider"
74-->[com.google.firebase:firebase-common:19.3.0] AndroidManifest.xml:28:13-72
75            android:exported="false"
75-->[com.google.firebase:firebase-common:19.3.0] AndroidManifest.xml:29:13-37
76            android:initOrder="100" />
76-->[com.google.firebase:firebase-common:19.3.0] AndroidManifest.xml:30:13-36
77
78        <meta-data
78-->[com.google.android.gms:play-services-basement:17.0.0] AndroidManifest.xml:23:9-25:69
79            android:name="com.google.android.gms.version"
79-->[com.google.android.gms:play-services-basement:17.0.0] AndroidManifest.xml:24:13-58
80            android:value="@integer/google_play_services_version" />
80-->[com.google.android.gms:play-services-basement:17.0.0] AndroidManifest.xml:25:13-66
81    </application>
82
83</manifest>